<?xml version="1.0" encoding="UTF-8"?>
<!-- Generated by org.testng.reporters.JUnitReportReporter -->
<testsuite skipped="0" hostname="nexus" name="com.qa.tests.Get_All_Emplyees" tests="1" failures="0" timestamp="29 Oct 2019 19:12:04 GMT" time="0.048" errors="0">
  <testcase name="checkResponseBody" time="0.048" classname="com.qa.tests.Get_All_Emplyees"/>
</testsuite> <!-- com.qa.tests.Get_All_Emplyees -->
